2026-03-12 15:27:24,397	[INFO]	(client.py:162)_bot_login	[botpy] 登录机器人账号中...
2026-03-12 15:27:24,604	[INFO]	(robot.py:65)update_access_token	[botpy] access_token expires_in 7200
2026-03-12 15:27:25,161	[INFO]	(client.py:181)_bot_init	[botpy] 程序启动...
2026-03-12 15:27:25,161	[INFO]	(connection.py:60)multi_run	[botpy] 最大并发连接数: 1, 启动会话数: 1
2026-03-12 15:27:25,162	[INFO]	(client.py:242)bot_connect	[botpy] 会话启动中...
2026-03-12 15:27:25,162	[INFO]	(gateway.py:115)ws_connect	[botpy] 启动中...
2026-03-12 15:27:25,344	[INFO]	(gateway.py:142)ws_identify	[botpy] 鉴权中...
2026-03-12 15:27:25,488	[INFO]	(gateway.py:85)on_message	[botpy] 机器人「Herbbot」启动成功！
2026-03-12 15:27:25,488	[INFO]	(gateway.py:223)_send_heart	[botpy] 心跳维持启动...
2026-03-12 15:57:25,376	[INFO]	(gateway.py:56)on_closed	[botpy] 关闭, 返回码: 4009, 返回信息: Session timed out
2026-03-12 15:57:25,378	[INFO]	(gateway.py:134)ws_connect	[botpy] ws关闭, 停止接收消息!
2026-03-12 15:57:30,398	[INFO]	(connection.py:60)multi_run	[botpy] 最大并发连接数: 1, 启动会话数: 1
2026-03-12 15:57:30,398	[INFO]	(client.py:242)bot_connect	[botpy] 会话启动中...
2026-03-12 15:57:30,399	[INFO]	(gateway.py:115)ws_connect	[botpy] 启动中...
2026-03-12 15:57:30,603	[INFO]	(gateway.py:175)ws_resume	[botpy] 重连启动...
2026-03-12 15:57:30,713	[INFO]	(gateway.py:90)on_message	[botpy] 机器人重连成功! 
2026-03-12 15:57:30,713	[INFO]	(gateway.py:223)_send_heart	[botpy] 心跳维持启动...
2026-03-12 16:13:14,670	[INFO]	(client.py:162)_bot_login	[botpy] 登录机器人账号中...
2026-03-12 16:13:14,884	[INFO]	(robot.py:65)update_access_token	[botpy] access_token expires_in 4450
2026-03-12 16:13:15,411	[INFO]	(client.py:181)_bot_init	[botpy] 程序启动...
2026-03-12 16:13:15,411	[INFO]	(connection.py:60)multi_run	[botpy] 最大并发连接数: 1, 启动会话数: 1
2026-03-12 16:13:15,412	[INFO]	(client.py:242)bot_connect	[botpy] 会话启动中...
2026-03-12 16:13:15,412	[INFO]	(gateway.py:115)ws_connect	[botpy] 启动中...
2026-03-12 16:13:15,602	[INFO]	(gateway.py:142)ws_identify	[botpy] 鉴权中...
2026-03-12 16:13:15,751	[INFO]	(gateway.py:85)on_message	[botpy] 机器人「Herbbot」启动成功！
2026-03-12 16:13:15,751	[INFO]	(gateway.py:223)_send_heart	[botpy] 心跳维持启动...
2026-03-12 16:14:43,517	[INFO]	(client.py:162)_bot_login	[botpy] 登录机器人账号中...
2026-03-12 16:14:43,684	[INFO]	(robot.py:65)update_access_token	[botpy] access_token expires_in 4361
2026-03-12 16:14:44,734	[INFO]	(client.py:181)_bot_init	[botpy] 程序启动...
2026-03-12 16:14:44,734	[INFO]	(connection.py:60)multi_run	[botpy] 最大并发连接数: 1, 启动会话数: 1
2026-03-12 16:14:44,734	[INFO]	(client.py:242)bot_connect	[botpy] 会话启动中...
2026-03-12 16:14:44,734	[INFO]	(gateway.py:115)ws_connect	[botpy] 启动中...
2026-03-12 16:14:44,923	[INFO]	(gateway.py:142)ws_identify	[botpy] 鉴权中...
2026-03-12 16:14:45,089	[INFO]	(gateway.py:85)on_message	[botpy] 机器人「Herbbot」启动成功！
2026-03-12 16:14:45,089	[INFO]	(gateway.py:223)_send_heart	[botpy] 心跳维持启动...
2026-03-12 16:21:54,037	[INFO]	(client.py:162)_bot_login	[botpy] 登录机器人账号中...
2026-03-12 16:21:54,189	[INFO]	(robot.py:65)update_access_token	[botpy] access_token expires_in 3930
2026-03-12 16:21:55,003	[INFO]	(client.py:181)_bot_init	[botpy] 程序启动...
2026-03-12 16:21:55,003	[INFO]	(connection.py:60)multi_run	[botpy] 最大并发连接数: 1, 启动会话数: 1
2026-03-12 16:21:55,003	[INFO]	(client.py:242)bot_connect	[botpy] 会话启动中...
2026-03-12 16:21:55,003	[INFO]	(gateway.py:115)ws_connect	[botpy] 启动中...
2026-03-12 16:21:55,192	[INFO]	(gateway.py:142)ws_identify	[botpy] 鉴权中...
2026-03-12 16:21:55,348	[INFO]	(gateway.py:85)on_message	[botpy] 机器人「Herbbot」启动成功！
2026-03-12 16:21:55,348	[INFO]	(gateway.py:223)_send_heart	[botpy] 心跳维持启动...
2026-03-12 16:31:22,428	[INFO]	(client.py:162)_bot_login	[botpy] 登录机器人账号中...
2026-03-12 16:31:22,609	[INFO]	(robot.py:65)update_access_token	[botpy] access_token expires_in 3362
2026-03-12 16:31:23,120	[INFO]	(client.py:181)_bot_init	[botpy] 程序启动...
2026-03-12 16:31:23,120	[INFO]	(connection.py:60)multi_run	[botpy] 最大并发连接数: 1, 启动会话数: 1
2026-03-12 16:31:23,120	[INFO]	(client.py:242)bot_connect	[botpy] 会话启动中...
2026-03-12 16:31:23,120	[INFO]	(gateway.py:115)ws_connect	[botpy] 启动中...
2026-03-12 16:31:23,320	[INFO]	(gateway.py:142)ws_identify	[botpy] 鉴权中...
2026-03-12 16:31:23,484	[INFO]	(gateway.py:85)on_message	[botpy] 机器人「Herbbot」启动成功！
2026-03-12 16:31:23,484	[INFO]	(gateway.py:223)_send_heart	[botpy] 心跳维持启动...
2026-03-12 16:32:50,976	[INFO]	(client.py:162)_bot_login	[botpy] 登录机器人账号中...
2026-03-12 16:32:51,108	[INFO]	(robot.py:65)update_access_token	[botpy] access_token expires_in 3274
2026-03-12 16:32:51,984	[INFO]	(client.py:181)_bot_init	[botpy] 程序启动...
2026-03-12 16:32:51,984	[INFO]	(connection.py:60)multi_run	[botpy] 最大并发连接数: 1, 启动会话数: 1
2026-03-12 16:32:51,985	[INFO]	(client.py:242)bot_connect	[botpy] 会话启动中...
2026-03-12 16:32:51,985	[INFO]	(gateway.py:115)ws_connect	[botpy] 启动中...
2026-03-12 16:32:52,423	[INFO]	(gateway.py:142)ws_identify	[botpy] 鉴权中...
2026-03-12 16:32:52,554	[INFO]	(gateway.py:85)on_message	[botpy] 机器人「Herbbot」启动成功！
2026-03-12 16:32:52,554	[INFO]	(gateway.py:223)_send_heart	[botpy] 心跳维持启动...
2026-03-12 16:37:36,279	[INFO]	(client.py:162)_bot_login	[botpy] 登录机器人账号中...
2026-03-12 16:37:36,494	[INFO]	(robot.py:65)update_access_token	[botpy] access_token expires_in 2988
2026-03-12 16:37:37,031	[INFO]	(client.py:181)_bot_init	[botpy] 程序启动...
2026-03-12 16:37:37,031	[INFO]	(connection.py:60)multi_run	[botpy] 最大并发连接数: 1, 启动会话数: 1
2026-03-12 16:37:37,032	[INFO]	(client.py:242)bot_connect	[botpy] 会话启动中...
2026-03-12 16:37:37,032	[INFO]	(gateway.py:115)ws_connect	[botpy] 启动中...
2026-03-12 16:37:37,202	[INFO]	(gateway.py:142)ws_identify	[botpy] 鉴权中...
2026-03-12 16:37:37,366	[INFO]	(gateway.py:85)on_message	[botpy] 机器人「Herbbot」启动成功！
2026-03-12 16:37:37,366	[INFO]	(gateway.py:223)_send_heart	[botpy] 心跳维持启动...
2026-03-12 16:38:40,876	[INFO]	(client.py:162)_bot_login	[botpy] 登录机器人账号中...
2026-03-12 16:38:41,148	[INFO]	(robot.py:65)update_access_token	[botpy] access_token expires_in 2924
2026-03-12 16:38:42,065	[INFO]	(client.py:181)_bot_init	[botpy] 程序启动...
2026-03-12 16:38:42,065	[INFO]	(connection.py:60)multi_run	[botpy] 最大并发连接数: 1, 启动会话数: 1
2026-03-12 16:38:42,065	[INFO]	(client.py:242)bot_connect	[botpy] 会话启动中...
2026-03-12 16:38:42,065	[INFO]	(gateway.py:115)ws_connect	[botpy] 启动中...
2026-03-12 16:38:42,253	[INFO]	(gateway.py:142)ws_identify	[botpy] 鉴权中...
2026-03-12 16:38:42,396	[INFO]	(gateway.py:85)on_message	[botpy] 机器人「Herbbot」启动成功！
2026-03-12 16:38:42,396	[INFO]	(gateway.py:223)_send_heart	[botpy] 心跳维持启动...
2026-03-12 16:45:22,860	[INFO]	(client.py:162)_bot_login	[botpy] 登录机器人账号中...
2026-03-12 16:45:23,066	[INFO]	(robot.py:65)update_access_token	[botpy] access_token expires_in 2522
2026-03-12 16:45:23,607	[INFO]	(client.py:181)_bot_init	[botpy] 程序启动...
2026-03-12 16:45:23,607	[INFO]	(connection.py:60)multi_run	[botpy] 最大并发连接数: 1, 启动会话数: 1
2026-03-12 16:45:23,607	[INFO]	(client.py:242)bot_connect	[botpy] 会话启动中...
2026-03-12 16:45:23,607	[INFO]	(gateway.py:115)ws_connect	[botpy] 启动中...
2026-03-12 16:45:23,803	[INFO]	(gateway.py:142)ws_identify	[botpy] 鉴权中...
2026-03-12 16:45:23,928	[INFO]	(gateway.py:85)on_message	[botpy] 机器人「Herbbot」启动成功！
2026-03-12 16:45:23,928	[INFO]	(gateway.py:223)_send_heart	[botpy] 心跳维持启动...
2026-03-12 16:46:22,225	[INFO]	(client.py:162)_bot_login	[botpy] 登录机器人账号中...
2026-03-12 16:46:22,390	[INFO]	(robot.py:65)update_access_token	[botpy] access_token expires_in 2462
2026-03-12 16:46:22,870	[INFO]	(client.py:181)_bot_init	[botpy] 程序启动...
2026-03-12 16:46:22,870	[INFO]	(connection.py:60)multi_run	[botpy] 最大并发连接数: 1, 启动会话数: 1
2026-03-12 16:46:22,870	[INFO]	(client.py:242)bot_connect	[botpy] 会话启动中...
2026-03-12 16:46:22,870	[INFO]	(gateway.py:115)ws_connect	[botpy] 启动中...
2026-03-12 16:46:23,047	[INFO]	(gateway.py:142)ws_identify	[botpy] 鉴权中...
2026-03-12 16:46:23,220	[INFO]	(gateway.py:85)on_message	[botpy] 机器人「Herbbot」启动成功！
2026-03-12 16:46:23,220	[INFO]	(gateway.py:223)_send_heart	[botpy] 心跳维持启动...
2026-03-12 16:48:44,866	[INFO]	(gateway.py:56)on_closed	[botpy] 关闭, 返回码: WSCloseCode.OK, 返回信息: None
2026-03-12 16:48:44,866	[INFO]	(gateway.py:134)ws_connect	[botpy] ws关闭, 停止接收消息!
2026-03-12 16:48:49,878	[INFO]	(connection.py:60)multi_run	[botpy] 最大并发连接数: 1, 启动会话数: 1
2026-03-12 16:48:49,878	[INFO]	(client.py:242)bot_connect	[botpy] 会话启动中...
2026-03-12 16:48:49,878	[INFO]	(gateway.py:115)ws_connect	[botpy] 启动中...
2026-03-12 16:48:50,087	[INFO]	(gateway.py:175)ws_resume	[botpy] 重连启动...
2026-03-12 16:48:50,197	[INFO]	(gateway.py:90)on_message	[botpy] 机器人重连成功! 
2026-03-12 16:48:50,197	[INFO]	(gateway.py:223)_send_heart	[botpy] 心跳维持启动...
2026-03-12 16:49:20,174	[INFO]	(client.py:162)_bot_login	[botpy] 登录机器人账号中...
2026-03-12 16:49:20,326	[INFO]	(robot.py:65)update_access_token	[botpy] access_token expires_in 2284
2026-03-12 16:49:21,148	[INFO]	(client.py:181)_bot_init	[botpy] 程序启动...
2026-03-12 16:49:21,148	[INFO]	(connection.py:60)multi_run	[botpy] 最大并发连接数: 1, 启动会话数: 1
2026-03-12 16:49:21,148	[INFO]	(client.py:242)bot_connect	[botpy] 会话启动中...
2026-03-12 16:49:21,148	[INFO]	(gateway.py:115)ws_connect	[botpy] 启动中...
2026-03-12 16:49:21,317	[INFO]	(gateway.py:142)ws_identify	[botpy] 鉴权中...
2026-03-12 16:49:21,490	[INFO]	(gateway.py:85)on_message	[botpy] 机器人「Herbbot」启动成功！
2026-03-12 16:49:21,490	[INFO]	(gateway.py:223)_send_heart	[botpy] 心跳维持启动...
2026-03-12 16:50:02,592	[INFO]	(client.py:162)_bot_login	[botpy] 登录机器人账号中...
2026-03-12 16:50:02,737	[INFO]	(robot.py:65)update_access_token	[botpy] access_token expires_in 2242
2026-03-12 16:50:03,245	[INFO]	(client.py:181)_bot_init	[botpy] 程序启动...
2026-03-12 16:50:03,245	[INFO]	(connection.py:60)multi_run	[botpy] 最大并发连接数: 1, 启动会话数: 1
2026-03-12 16:50:03,246	[INFO]	(client.py:242)bot_connect	[botpy] 会话启动中...
2026-03-12 16:50:03,246	[INFO]	(gateway.py:115)ws_connect	[botpy] 启动中...
2026-03-12 16:50:03,399	[INFO]	(gateway.py:142)ws_identify	[botpy] 鉴权中...
2026-03-12 16:50:03,529	[INFO]	(gateway.py:85)on_message	[botpy] 机器人「Herbbot」启动成功！
2026-03-12 16:50:03,529	[INFO]	(gateway.py:223)_send_heart	[botpy] 心跳维持启动...
2026-03-12 16:52:05,427	[INFO]	(client.py:162)_bot_login	[botpy] 登录机器人账号中...
2026-03-12 16:52:05,631	[INFO]	(robot.py:65)update_access_token	[botpy] access_token expires_in 2119
2026-03-12 16:52:06,193	[INFO]	(client.py:181)_bot_init	[botpy] 程序启动...
2026-03-12 16:52:06,193	[INFO]	(connection.py:60)multi_run	[botpy] 最大并发连接数: 1, 启动会话数: 1
2026-03-12 16:52:06,194	[INFO]	(client.py:242)bot_connect	[botpy] 会话启动中...
2026-03-12 16:52:06,194	[INFO]	(gateway.py:115)ws_connect	[botpy] 启动中...
2026-03-12 16:52:06,353	[INFO]	(gateway.py:142)ws_identify	[botpy] 鉴权中...
2026-03-12 16:52:06,555	[INFO]	(gateway.py:85)on_message	[botpy] 机器人「Herbbot」启动成功！
2026-03-12 16:52:06,555	[INFO]	(gateway.py:223)_send_heart	[botpy] 心跳维持启动...
2026-03-12 16:53:57,563	[INFO]	(client.py:162)_bot_login	[botpy] 登录机器人账号中...
2026-03-12 16:53:57,715	[INFO]	(robot.py:65)update_access_token	[botpy] access_token expires_in 2007
2026-03-12 16:53:58,233	[INFO]	(client.py:181)_bot_init	[botpy] 程序启动...
2026-03-12 16:53:58,233	[INFO]	(connection.py:60)multi_run	[botpy] 最大并发连接数: 1, 启动会话数: 1
2026-03-12 16:53:58,234	[INFO]	(client.py:242)bot_connect	[botpy] 会话启动中...
2026-03-12 16:53:58,234	[INFO]	(gateway.py:115)ws_connect	[botpy] 启动中...
2026-03-12 16:53:58,423	[INFO]	(gateway.py:142)ws_identify	[botpy] 鉴权中...
2026-03-12 16:53:58,588	[INFO]	(gateway.py:85)on_message	[botpy] 机器人「Herbbot」启动成功！
2026-03-12 16:53:58,588	[INFO]	(gateway.py:223)_send_heart	[botpy] 心跳维持启动...
2026-03-12 16:54:48,774	[INFO]	(client.py:162)_bot_login	[botpy] 登录机器人账号中...
2026-03-12 16:54:48,915	[INFO]	(robot.py:65)update_access_token	[botpy] access_token expires_in 1956
2026-03-12 16:54:49,360	[INFO]	(client.py:181)_bot_init	[botpy] 程序启动...
2026-03-12 16:54:49,360	[INFO]	(connection.py:60)multi_run	[botpy] 最大并发连接数: 1, 启动会话数: 1
2026-03-12 16:54:49,360	[INFO]	(client.py:242)bot_connect	[botpy] 会话启动中...
2026-03-12 16:54:49,361	[INFO]	(gateway.py:115)ws_connect	[botpy] 启动中...
2026-03-12 16:54:49,550	[INFO]	(gateway.py:142)ws_identify	[botpy] 鉴权中...
2026-03-12 16:54:49,677	[INFO]	(gateway.py:85)on_message	[botpy] 机器人「Herbbot」启动成功！
2026-03-12 16:54:49,677	[INFO]	(gateway.py:223)_send_heart	[botpy] 心跳维持启动...
2026-03-12 16:56:29,183	[INFO]	(client.py:162)_bot_login	[botpy] 登录机器人账号中...
2026-03-12 16:56:29,454	[INFO]	(robot.py:65)update_access_token	[botpy] access_token expires_in 1855
2026-03-12 16:56:30,192	[INFO]	(client.py:181)_bot_init	[botpy] 程序启动...
2026-03-12 16:56:30,192	[INFO]	(connection.py:60)multi_run	[botpy] 最大并发连接数: 1, 启动会话数: 1
2026-03-12 16:56:30,192	[INFO]	(client.py:242)bot_connect	[botpy] 会话启动中...
2026-03-12 16:56:30,192	[INFO]	(gateway.py:115)ws_connect	[botpy] 启动中...
2026-03-12 16:56:30,385	[INFO]	(gateway.py:142)ws_identify	[botpy] 鉴权中...
2026-03-12 16:56:30,524	[INFO]	(gateway.py:85)on_message	[botpy] 机器人「Herbbot」启动成功！
2026-03-12 16:56:30,524	[INFO]	(gateway.py:223)_send_heart	[botpy] 心跳维持启动...
2026-03-12 16:57:54,552	[INFO]	(client.py:162)_bot_login	[botpy] 登录机器人账号中...
2026-03-12 16:57:54,745	[INFO]	(robot.py:65)update_access_token	[botpy] access_token expires_in 1770
2026-03-12 16:57:55,651	[INFO]	(client.py:181)_bot_init	[botpy] 程序启动...
2026-03-12 16:57:55,652	[INFO]	(connection.py:60)multi_run	[botpy] 最大并发连接数: 1, 启动会话数: 1
2026-03-12 16:57:55,652	[INFO]	(client.py:242)bot_connect	[botpy] 会话启动中...
2026-03-12 16:57:55,652	[INFO]	(gateway.py:115)ws_connect	[botpy] 启动中...
2026-03-12 16:57:55,850	[INFO]	(gateway.py:142)ws_identify	[botpy] 鉴权中...
2026-03-12 16:57:55,985	[INFO]	(gateway.py:85)on_message	[botpy] 机器人「Herbbot」启动成功！
2026-03-12 16:57:55,985	[INFO]	(gateway.py:223)_send_heart	[botpy] 心跳维持启动...
2026-03-12 16:58:28,020	[INFO]	(client.py:162)_bot_login	[botpy] 登录机器人账号中...
2026-03-12 16:58:28,249	[INFO]	(robot.py:65)update_access_token	[botpy] access_token expires_in 1737
2026-03-12 16:58:28,744	[INFO]	(client.py:181)_bot_init	[botpy] 程序启动...
2026-03-12 16:58:28,744	[INFO]	(connection.py:60)multi_run	[botpy] 最大并发连接数: 1, 启动会话数: 1
2026-03-12 16:58:28,744	[INFO]	(client.py:242)bot_connect	[botpy] 会话启动中...
2026-03-12 16:58:28,744	[INFO]	(gateway.py:115)ws_connect	[botpy] 启动中...
2026-03-12 16:58:28,930	[INFO]	(gateway.py:142)ws_identify	[botpy] 鉴权中...
2026-03-12 16:58:29,098	[INFO]	(gateway.py:85)on_message	[botpy] 机器人「Herbbot」启动成功！
2026-03-12 16:58:29,098	[INFO]	(gateway.py:223)_send_heart	[botpy] 心跳维持启动...
2026-03-12 17:44:41,047	[INFO]	(client.py:162)_bot_login	[botpy] 登录机器人账号中...
2026-03-12 17:44:41,314	[INFO]	(robot.py:65)update_access_token	[botpy] access_token expires_in 7200
2026-03-12 17:44:41,778	[INFO]	(client.py:181)_bot_init	[botpy] 程序启动...
2026-03-12 17:44:41,778	[INFO]	(connection.py:60)multi_run	[botpy] 最大并发连接数: 1, 启动会话数: 1
2026-03-12 17:44:41,778	[INFO]	(client.py:242)bot_connect	[botpy] 会话启动中...
2026-03-12 17:44:41,778	[INFO]	(gateway.py:115)ws_connect	[botpy] 启动中...
2026-03-12 17:44:41,944	[INFO]	(gateway.py:142)ws_identify	[botpy] 鉴权中...
2026-03-12 17:44:42,088	[INFO]	(gateway.py:85)on_message	[botpy] 机器人「Herbbot」启动成功！
2026-03-12 17:44:42,088	[INFO]	(gateway.py:223)_send_heart	[botpy] 心跳维持启动...
2026-03-12 17:46:56,372	[INFO]	(client.py:162)_bot_login	[botpy] 登录机器人账号中...
2026-03-12 17:46:56,652	[INFO]	(robot.py:65)update_access_token	[botpy] access_token expires_in 7065
2026-03-12 17:46:57,197	[INFO]	(client.py:181)_bot_init	[botpy] 程序启动...
2026-03-12 17:46:57,197	[INFO]	(connection.py:60)multi_run	[botpy] 最大并发连接数: 1, 启动会话数: 1
2026-03-12 17:46:57,198	[INFO]	(client.py:242)bot_connect	[botpy] 会话启动中...
2026-03-12 17:46:57,198	[INFO]	(gateway.py:115)ws_connect	[botpy] 启动中...
2026-03-12 17:46:57,388	[INFO]	(gateway.py:142)ws_identify	[botpy] 鉴权中...
2026-03-12 17:46:57,514	[INFO]	(gateway.py:85)on_message	[botpy] 机器人「Herbbot」启动成功！
2026-03-12 17:46:57,516	[INFO]	(gateway.py:223)_send_heart	[botpy] 心跳维持启动...
2026-03-12 17:48:27,548	[INFO]	(client.py:162)_bot_login	[botpy] 登录机器人账号中...
2026-03-12 17:48:27,815	[INFO]	(robot.py:65)update_access_token	[botpy] access_token expires_in 6974
2026-03-12 17:48:28,337	[INFO]	(client.py:181)_bot_init	[botpy] 程序启动...
2026-03-12 17:48:28,337	[INFO]	(connection.py:60)multi_run	[botpy] 最大并发连接数: 1, 启动会话数: 1
2026-03-12 17:48:28,337	[INFO]	(client.py:242)bot_connect	[botpy] 会话启动中...
2026-03-12 17:48:28,337	[INFO]	(gateway.py:115)ws_connect	[botpy] 启动中...
2026-03-12 17:48:28,519	[INFO]	(gateway.py:142)ws_identify	[botpy] 鉴权中...
2026-03-12 17:48:28,768	[INFO]	(gateway.py:85)on_message	[botpy] 机器人「Herbbot」启动成功！
2026-03-12 17:48:28,768	[INFO]	(gateway.py:223)_send_heart	[botpy] 心跳维持启动...
2026-03-12 17:50:35,705	[INFO]	(client.py:162)_bot_login	[botpy] 登录机器人账号中...
2026-03-12 17:50:35,854	[INFO]	(robot.py:65)update_access_token	[botpy] access_token expires_in 6845
2026-03-12 17:50:36,743	[INFO]	(client.py:181)_bot_init	[botpy] 程序启动...
2026-03-12 17:50:36,743	[INFO]	(connection.py:60)multi_run	[botpy] 最大并发连接数: 1, 启动会话数: 1
2026-03-12 17:50:36,743	[INFO]	(client.py:242)bot_connect	[botpy] 会话启动中...
2026-03-12 17:50:36,743	[INFO]	(gateway.py:115)ws_connect	[botpy] 启动中...
2026-03-12 17:50:37,178	[INFO]	(gateway.py:142)ws_identify	[botpy] 鉴权中...
2026-03-12 17:50:37,339	[INFO]	(gateway.py:85)on_message	[botpy] 机器人「Herbbot」启动成功！
2026-03-12 17:50:37,339	[INFO]	(gateway.py:223)_send_heart	[botpy] 心跳维持启动...
2026-03-12 18:20:37,207	[INFO]	(gateway.py:56)on_closed	[botpy] 关闭, 返回码: 4009, 返回信息: Session timed out
2026-03-12 18:20:37,207	[INFO]	(gateway.py:134)ws_connect	[botpy] ws关闭, 停止接收消息!
2026-03-12 18:20:42,203	[INFO]	(connection.py:60)multi_run	[botpy] 最大并发连接数: 1, 启动会话数: 1
2026-03-12 18:20:42,203	[INFO]	(client.py:242)bot_connect	[botpy] 会话启动中...
2026-03-12 18:20:42,203	[INFO]	(gateway.py:115)ws_connect	[botpy] 启动中...
2026-03-12 18:20:42,410	[INFO]	(gateway.py:175)ws_resume	[botpy] 重连启动...
2026-03-12 18:20:42,519	[INFO]	(gateway.py:90)on_message	[botpy] 机器人重连成功! 
2026-03-12 18:20:42,519	[INFO]	(gateway.py:223)_send_heart	[botpy] 心跳维持启动...
2026-03-12 19:54:45,134	[INFO]	(client.py:162)_bot_login	[botpy] 登录机器人账号中...
2026-03-12 19:54:45,346	[INFO]	(robot.py:65)update_access_token	[botpy] access_token expires_in 7200
2026-03-12 19:54:45,826	[INFO]	(client.py:181)_bot_init	[botpy] 程序启动...
2026-03-12 19:54:45,826	[INFO]	(connection.py:60)multi_run	[botpy] 最大并发连接数: 1, 启动会话数: 1
2026-03-12 19:54:45,826	[INFO]	(client.py:242)bot_connect	[botpy] 会话启动中...
2026-03-12 19:54:45,827	[INFO]	(gateway.py:115)ws_connect	[botpy] 启动中...
2026-03-12 19:54:46,023	[INFO]	(gateway.py:142)ws_identify	[botpy] 鉴权中...
2026-03-12 19:54:46,168	[INFO]	(gateway.py:85)on_message	[botpy] 机器人「Herbbot」启动成功！
2026-03-12 19:54:46,169	[INFO]	(gateway.py:223)_send_heart	[botpy] 心跳维持启动...
2026-03-12 20:09:09,388	[INFO]	(client.py:162)_bot_login	[botpy] 登录机器人账号中...
2026-03-12 20:09:09,600	[INFO]	(robot.py:65)update_access_token	[botpy] access_token expires_in 6336
2026-03-12 20:09:10,081	[INFO]	(client.py:181)_bot_init	[botpy] 程序启动...
2026-03-12 20:09:10,082	[INFO]	(connection.py:60)multi_run	[botpy] 最大并发连接数: 1, 启动会话数: 1
2026-03-12 20:09:10,082	[INFO]	(client.py:242)bot_connect	[botpy] 会话启动中...
2026-03-12 20:09:10,082	[INFO]	(gateway.py:115)ws_connect	[botpy] 启动中...
2026-03-12 20:09:10,258	[INFO]	(gateway.py:142)ws_identify	[botpy] 鉴权中...
2026-03-12 20:09:10,448	[INFO]	(gateway.py:85)on_message	[botpy] 机器人「Herbbot」启动成功！
2026-03-12 20:09:10,448	[INFO]	(gateway.py:223)_send_heart	[botpy] 心跳维持启动...
2026-03-12 20:11:09,874	[INFO]	(client.py:162)_bot_login	[botpy] 登录机器人账号中...
2026-03-12 20:11:10,177	[INFO]	(robot.py:65)update_access_token	[botpy] access_token expires_in 6215
2026-03-12 20:11:10,836	[INFO]	(client.py:181)_bot_init	[botpy] 程序启动...
2026-03-12 20:11:10,836	[INFO]	(connection.py:60)multi_run	[botpy] 最大并发连接数: 1, 启动会话数: 1
2026-03-12 20:11:10,837	[INFO]	(client.py:242)bot_connect	[botpy] 会话启动中...
2026-03-12 20:11:10,837	[INFO]	(gateway.py:115)ws_connect	[botpy] 启动中...
2026-03-12 20:11:11,025	[INFO]	(gateway.py:142)ws_identify	[botpy] 鉴权中...
2026-03-12 20:11:11,225	[INFO]	(gateway.py:85)on_message	[botpy] 机器人「Herbbot」启动成功！
2026-03-12 20:11:11,225	[INFO]	(gateway.py:223)_send_heart	[botpy] 心跳维持启动...
2026-03-12 20:18:17,520	[INFO]	(client.py:162)_bot_login	[botpy] 登录机器人账号中...
2026-03-12 20:18:17,829	[INFO]	(robot.py:65)update_access_token	[botpy] access_token expires_in 5788
2026-03-12 20:18:18,707	[INFO]	(client.py:181)_bot_init	[botpy] 程序启动...
2026-03-12 20:18:18,707	[INFO]	(connection.py:60)multi_run	[botpy] 最大并发连接数: 1, 启动会话数: 1
2026-03-12 20:18:18,708	[INFO]	(client.py:242)bot_connect	[botpy] 会话启动中...
2026-03-12 20:18:18,708	[INFO]	(gateway.py:115)ws_connect	[botpy] 启动中...
2026-03-12 20:18:18,916	[INFO]	(gateway.py:142)ws_identify	[botpy] 鉴权中...
2026-03-12 20:18:19,067	[INFO]	(gateway.py:85)on_message	[botpy] 机器人「Herbbot」启动成功！
2026-03-12 20:18:19,068	[INFO]	(gateway.py:223)_send_heart	[botpy] 心跳维持启动...
2026-03-12 20:26:10,136	[INFO]	(client.py:162)_bot_login	[botpy] 登录机器人账号中...
2026-03-12 20:26:10,295	[INFO]	(robot.py:65)update_access_token	[botpy] access_token expires_in 5315
2026-03-12 20:26:10,774	[INFO]	(client.py:181)_bot_init	[botpy] 程序启动...
2026-03-12 20:26:10,774	[INFO]	(connection.py:60)multi_run	[botpy] 最大并发连接数: 1, 启动会话数: 1
2026-03-12 20:26:10,775	[INFO]	(client.py:242)bot_connect	[botpy] 会话启动中...
2026-03-12 20:26:10,775	[INFO]	(gateway.py:115)ws_connect	[botpy] 启动中...
2026-03-12 20:26:10,959	[INFO]	(gateway.py:142)ws_identify	[botpy] 鉴权中...
2026-03-12 20:26:11,105	[INFO]	(gateway.py:85)on_message	[botpy] 机器人「Herbbot」启动成功！
2026-03-12 20:26:11,105	[INFO]	(gateway.py:223)_send_heart	[botpy] 心跳维持启动...
2026-03-12 20:26:41,091	[INFO]	(client.py:162)_bot_login	[botpy] 登录机器人账号中...
2026-03-12 20:26:41,283	[INFO]	(robot.py:65)update_access_token	[botpy] access_token expires_in 5284
2026-03-12 20:26:41,760	[INFO]	(client.py:181)_bot_init	[botpy] 程序启动...
2026-03-12 20:26:41,760	[INFO]	(connection.py:60)multi_run	[botpy] 最大并发连接数: 1, 启动会话数: 1
2026-03-12 20:26:41,761	[INFO]	(client.py:242)bot_connect	[botpy] 会话启动中...
2026-03-12 20:26:41,761	[INFO]	(gateway.py:115)ws_connect	[botpy] 启动中...
2026-03-12 20:26:41,966	[INFO]	(gateway.py:142)ws_identify	[botpy] 鉴权中...
2026-03-12 20:26:42,155	[INFO]	(gateway.py:85)on_message	[botpy] 机器人「Herbbot」启动成功！
2026-03-12 20:26:42,155	[INFO]	(gateway.py:223)_send_heart	[botpy] 心跳维持启动...
2026-03-12 20:39:13,001	[INFO]	(client.py:162)_bot_login	[botpy] 登录机器人账号中...
2026-03-12 20:39:13,199	[INFO]	(robot.py:65)update_access_token	[botpy] access_token expires_in 4532
2026-03-12 20:39:13,714	[INFO]	(client.py:181)_bot_init	[botpy] 程序启动...
2026-03-12 20:39:13,714	[INFO]	(connection.py:60)multi_run	[botpy] 最大并发连接数: 1, 启动会话数: 1
2026-03-12 20:39:13,714	[INFO]	(client.py:242)bot_connect	[botpy] 会话启动中...
2026-03-12 20:39:13,714	[INFO]	(gateway.py:115)ws_connect	[botpy] 启动中...
2026-03-12 20:39:13,911	[INFO]	(gateway.py:142)ws_identify	[botpy] 鉴权中...
2026-03-12 20:39:14,053	[INFO]	(gateway.py:85)on_message	[botpy] 机器人「Herbbot」启动成功！
2026-03-12 20:39:14,054	[INFO]	(gateway.py:223)_send_heart	[botpy] 心跳维持启动...
2026-03-12 20:40:42,069	[ERROR]	(http.py:76)_handle_response	[botpy] 接口请求异常，请求连接: https://api.sgroup.qq.com/channels/ROBOT1.0_0hCBj1NCC-Dv.vMGb4aHi6CbfUOqE-T7WNdVG1e5GnfTz9VaXlXxkkcyLGmmaJNQkXEfxOBEk-uAc3JcDwm6PmLBnPsOL4m9jxp8NoXJm8s!/messages, 错误代码: 400, 返回内容: {'message': '频道不存在', 'code': 11263, 'err_code': 40022001, 'trace_id': '0f9d368a075edab0c8bbb6c690a05c5c'}, trace_id:0f9d368a075edab0c8bbb6c690a05c5c
2026-03-12 20:58:03,358	[INFO]	(client.py:162)_bot_login	[botpy] 登录机器人账号中...
2026-03-12 20:58:03,533	[INFO]	(robot.py:65)update_access_token	[botpy] access_token expires_in 3402
2026-03-12 20:58:04,704	[INFO]	(client.py:181)_bot_init	[botpy] 程序启动...
2026-03-12 20:58:04,704	[INFO]	(connection.py:60)multi_run	[botpy] 最大并发连接数: 1, 启动会话数: 1
2026-03-12 20:58:04,704	[INFO]	(client.py:242)bot_connect	[botpy] 会话启动中...
2026-03-12 20:58:04,704	[INFO]	(gateway.py:115)ws_connect	[botpy] 启动中...
2026-03-12 20:58:04,920	[INFO]	(gateway.py:142)ws_identify	[botpy] 鉴权中...
2026-03-12 20:58:05,082	[INFO]	(gateway.py:85)on_message	[botpy] 机器人「Herbbot」启动成功！
2026-03-12 20:58:05,082	[INFO]	(gateway.py:223)_send_heart	[botpy] 心跳维持启动...
2026-03-12 21:09:11,279	[INFO]	(client.py:162)_bot_login	[botpy] 登录机器人账号中...
2026-03-12 21:09:11,457	[INFO]	(robot.py:65)update_access_token	[botpy] access_token expires_in 2734
2026-03-12 21:09:12,591	[INFO]	(client.py:181)_bot_init	[botpy] 程序启动...
2026-03-12 21:09:12,592	[INFO]	(connection.py:60)multi_run	[botpy] 最大并发连接数: 1, 启动会话数: 1
2026-03-12 21:09:12,592	[INFO]	(client.py:242)bot_connect	[botpy] 会话启动中...
2026-03-12 21:09:12,592	[INFO]	(gateway.py:115)ws_connect	[botpy] 启动中...
2026-03-12 21:09:12,804	[INFO]	(gateway.py:142)ws_identify	[botpy] 鉴权中...
2026-03-12 21:09:12,944	[INFO]	(gateway.py:85)on_message	[botpy] 机器人「Herbbot」启动成功！
2026-03-12 21:09:12,944	[INFO]	(gateway.py:223)_send_heart	[botpy] 心跳维持启动...
2026-03-12 21:12:24,181	[INFO]	(client.py:162)_bot_login	[botpy] 登录机器人账号中...
2026-03-12 21:12:24,331	[INFO]	(robot.py:65)update_access_token	[botpy] access_token expires_in 2541
2026-03-12 21:12:25,089	[INFO]	(client.py:181)_bot_init	[botpy] 程序启动...
2026-03-12 21:12:25,089	[INFO]	(connection.py:60)multi_run	[botpy] 最大并发连接数: 1, 启动会话数: 1
2026-03-12 21:12:25,089	[INFO]	(client.py:242)bot_connect	[botpy] 会话启动中...
2026-03-12 21:12:25,089	[INFO]	(gateway.py:115)ws_connect	[botpy] 启动中...
2026-03-12 21:12:25,309	[INFO]	(gateway.py:142)ws_identify	[botpy] 鉴权中...
2026-03-12 21:12:25,456	[INFO]	(gateway.py:85)on_message	[botpy] 机器人「Herbbot」启动成功！
2026-03-12 21:12:25,457	[INFO]	(gateway.py:223)_send_heart	[botpy] 心跳维持启动...
